<?xml version="1.0" encoding="UTF-8"?>
<!-- Generated by org.testng.reporters.JUnitXMLReporter -->
<testsuite ignored="0" hostname="DESKTOP-B1NR9EK" failures="0" tests="3" name="Command line test" time="25.221" errors="0" timestamp="03 Jun 2019 23:38:51 GMT">
  <testcase classname="testcases.ContactsPageTest" name="verifyContactsPageLabel" time="0.104"/>
  <testcase classname="testcases.HomePageTest" name="verifyHomePageTitle" time="0.008"/>
  <testcase classname="testcases.LoginPageTest" name="loginPageTitle" time="0.212"/>
</testsuite> <!-- Command line test -->
