<?xml version="1.0" encoding="UTF-8"?>
<testng-results ignored="0" total="3" passed="3" failed="0" skipped="0">
  <reporter-output>
  </reporter-output>
  <suite started-at="2019-06-03T23:38:26Z" name="Command line suite" finished-at="2019-06-03T23:38:51Z" duration-ms="25221">
    <groups>
    </groups>
    <test started-at="2019-06-03T23:38:26Z" name="Command line test" finished-at="2019-06-03T23:38:51Z" duration-ms="25221">
      <class name="testcases.ContactsPageTest">
        <test-method is-config="true" signature="setUp()[pri:0, instance:testcases.ContactsPageTest@4b5d6a01]" started-at="2019-06-03T23:38:26Z" name="setUp" finished-at="2019-06-03T23:38:36Z" duration-ms="10350" status="PASS">
          <reporter-output>
          </reporter-output>
        </test-method> <!-- setUp -->
        <test-method signature="verifyContactsPageLabel()[pri:1, instance:testcases.ContactsPageTest@4b5d6a01]" started-at="2019-06-03T23:38:36Z" name="verifyContactsPageLabel" finished-at="2019-06-03T23:38:36Z" duration-ms="104" status="PASS">
          <reporter-output>
          </reporter-output>
        </test-method> <!-- verifyContactsPageLabel -->
        <test-method is-config="true" signature="tearDown()[pri:0, instance:testcases.ContactsPageTest@4b5d6a01]" started-at="2019-06-03T23:38:36Z" name="tearDown" finished-at="2019-06-03T23:38:37Z" duration-ms="744" status="PASS">
          <reporter-output>
          </reporter-output>
        </test-method> <!-- tearDown -->
      </class> <!-- testcases.ContactsPageTest -->
      <class name="testcases.HomePageTest">
        <test-method is-config="true" signature="setUp()[pri:0, instance:testcases.HomePageTest@4a22f9e2]" started-at="2019-06-03T23:38:37Z" name="setUp" finished-at="2019-06-03T23:38:45Z" duration-ms="7701" status="PASS">
          <reporter-output>
          </reporter-output>
        </test-method> <!-- setUp -->
        <test-method signature="verifyHomePageTitle()[pri:1, instance:testcases.HomePageTest@4a22f9e2]" started-at="2019-06-03T23:38:45Z" name="verifyHomePageTitle" finished-at="2019-06-03T23:38:45Z" duration-ms="8" status="PASS">
          <reporter-output>
          </reporter-output>
        </test-method> <!-- verifyHomePageTitle -->
        <test-method is-config="true" signature="tearDown()[pri:0, instance:testcases.HomePageTest@4a22f9e2]" started-at="2019-06-03T23:38:45Z" name="tearDown" finished-at="2019-06-03T23:38:45Z" duration-ms="738" status="PASS">
          <reporter-output>
          </reporter-output>
        </test-method> <!-- tearDown -->
      </class> <!-- testcases.HomePageTest -->
      <class name="testcases.LoginPageTest">
        <test-method is-config="true" signature="setUp()[pri:0, instance:testcases.LoginPageTest@3c419631]" started-at="2019-06-03T23:38:45Z" name="setUp" finished-at="2019-06-03T23:38:50Z" duration-ms="4667" status="PASS">
          <reporter-output>
          </reporter-output>
        </test-method> <!-- setUp -->
        <test-method signature="loginPageTitle()[pri:1, instance:testcases.LoginPageTest@3c419631]" started-at="2019-06-03T23:38:50Z" name="loginPageTitle" finished-at="2019-06-03T23:38:50Z" duration-ms="212" status="PASS">
          <reporter-output>
          </reporter-output>
        </test-method> <!-- loginPageTitle -->
        <test-method is-config="true" signature="tearDown()[pri:0, instance:testcases.LoginPageTest@3c419631]" started-at="2019-06-03T23:38:50Z" name="tearDown" finished-at="2019-06-03T23:38:51Z" duration-ms="668" status="PASS">
          <reporter-output>
          </reporter-output>
        </test-method> <!-- tearDown -->
      </class> <!-- testcases.LoginPageTest -->
    </test> <!-- Command line test -->
  </suite> <!-- Command line suite -->
</testng-results>
